<?xml version="1.0" encoding="UTF-8"?>
<!-- Generated by org.testng.reporters.JUnitReportReporter -->
<testsuite hostname="BMT-LAP-88" failures="0" tests="1" name="lambdatest.TestNGTodo" time="0.007" errors="0" timestamp="12 Oct 2021 15:48:00 GMT">
  <testcase classname="lambdatest.TestNGTodo" name="testSimple" time="0.007"/>
</testsuite> <!-- lambdatest.TestNGTodo -->
