<?xml version="1.0" encoding="UTF-8"?>
<!-- Generated by org.testng.reporters.JUnitReportReporter -->
<testsuite hostname="BMT-LAP-88" failures="0" tests="1" name="lambdatest.LambdaTest2" time="29.575" errors="0" timestamp="16 Oct 2021 05:32:02 GMT">
  <testcase classname="lambdatest.LambdaTest2" name="lambdatestassignmenet" time="29.575"/>
</testsuite> <!-- lambdatest.LambdaTest2 -->
