<?xml version="1.0" encoding="UTF-8"?>
<!-- Generated by org.testng.reporters.JUnitReportReporter -->
<testsuite hostname="BMT-LAP-88" failures="0" tests="1" name="lambdatest.Lambdatest" time="25.180" errors="0" timestamp="13 Oct 2021 06:42:30 GMT">
  <testcase classname="lambdatest.Lambdatest" name="testScript" time="25.180"/>
</testsuite> <!-- lambdatest.Lambdatest -->
